<?xml version="1.0" encoding="UTF-8"?>
<!-- Generated by org.testng.reporters.JUnitReportReporter -->
<testsuite hostname="Automacao_PC" name="CN001_Atendimento" tests="2" failures="0" timestamp="4 Jan 2017 16:51:43 GMT" time="10.142" errors="0">
  <testcase name="postJsonOrder" time="7.924" classname="CN001_Atendimento"/>
  <testcase name="getJsonOrder" time="2.218" classname="CN001_Atendimento"/>
</testsuite> <!-- CN001_Atendimento -->
